2026-02-26T13:46:11.597+01:00  INFO 12172 --- [g_75_shop] [main] de.ait.g_75_shop.G75ShopApplication      : Starting G75ShopApplication using Java 21.0.7 with PID 12172 (C:\java_advanced\g_75_shop\target\classes started by mvoro in C:\java_advanced\g_75_shop)
2026-02-26T13:46:11.609+01:00  INFO 12172 --- [g_75_shop] [main] de.ait.g_75_shop.G75ShopApplication      : The following 1 profile is active: "dev"
2026-02-26T13:46:12.881+01:00  INFO 12172 --- [g_75_shop] [main] .s.d.r.c.RepositoryConfigurationDelegate : Bootstrapping Spring Data JPA repositories in DEFAULT mode.
2026-02-26T13:46:12.975+01:00  INFO 12172 --- [g_75_shop] [main] .s.d.r.c.RepositoryConfigurationDelegate : Finished Spring Data repository scanning in 80 ms. Found 3 JPA repository interfaces.
2026-02-26T13:46:14.168+01:00  INFO 12172 --- [g_75_shop] [main] o.s.b.w.embedded.tomcat.TomcatWebServer  : Tomcat initialized with port 8081 (http)
2026-02-26T13:46:14.191+01:00  INFO 12172 --- [g_75_shop] [main] o.apache.catalina.core.StandardService   : Starting service [Tomcat]
2026-02-26T13:46:14.191+01:00  INFO 12172 --- [g_75_shop] [main] o.apache.catalina.core.StandardEngine    : Starting Servlet engine: [Apache Tomcat/10.1.50]
2026-02-26T13:46:14.369+01:00  INFO 12172 --- [g_75_shop] [main] o.a.c.c.C.[Tomcat].[localhost].[/]       : Initializing Spring embedded WebApplicationContext
2026-02-26T13:46:14.369+01:00  INFO 12172 --- [g_75_shop] [main] w.s.c.ServletWebServerApplicationContext : Root WebApplicationContext: initialization completed in 2670 ms
2026-02-26T13:46:14.751+01:00  INFO 12172 --- [g_75_shop] [main] com.zaxxer.hikari.HikariDataSource       : HikariPool-1 - Starting...
2026-02-26T13:46:15.063+01:00  INFO 12172 --- [g_75_shop] [main] com.zaxxer.hikari.pool.HikariPool        : HikariPool-1 - Added connection org.postgresql.jdbc.PgConnection@43588265
2026-02-26T13:46:15.065+01:00  INFO 12172 --- [g_75_shop] [main] com.zaxxer.hikari.HikariDataSource       : HikariPool-1 - Start completed.
2026-02-26T13:46:15.326+01:00  INFO 12172 --- [g_75_shop] [main] liquibase.database                       : Set default schema name to public
2026-02-26T13:46:16.147+01:00  INFO 12172 --- [g_75_shop] [main] liquibase.changelog                      : Reading from public.databasechangelog
2026-02-26T13:46:16.481+01:00  INFO 12172 --- [g_75_shop] [main] liquibase.ui                             : Database is up to date, no changesets to execute
2026-02-26T13:46:16.483+01:00  INFO 12172 --- [g_75_shop] [main] liquibase.changelog                      : Reading from public.databasechangelog
2026-02-26T13:46:16.499+01:00  INFO 12172 --- [g_75_shop] [main] liquibase.util                           : UPDATE SUMMARY
2026-02-26T13:46:16.499+01:00  INFO 12172 --- [g_75_shop] [main] liquibase.util                           : Run:                          0
2026-02-26T13:46:16.499+01:00  INFO 12172 --- [g_75_shop] [main] liquibase.util                           : Previously run:              13
2026-02-26T13:46:16.501+01:00  INFO 12172 --- [g_75_shop] [main] liquibase.util                           : Filtered out:                 0
2026-02-26T13:46:16.501+01:00  INFO 12172 --- [g_75_shop] [main] liquibase.util                           : -------------------------------
2026-02-26T13:46:16.501+01:00  INFO 12172 --- [g_75_shop] [main] liquibase.util                           : Total change sets:           13
2026-02-26T13:46:16.503+01:00  INFO 12172 --- [g_75_shop] [main] liquibase.util                           : Update summary generated
2026-02-26T13:46:16.505+01:00  INFO 12172 --- [g_75_shop] [main] liquibase.command                        : Command execution complete
2026-02-26T13:46:17.572+01:00  INFO 12172 --- [g_75_shop] [main] o.hibernate.jpa.internal.util.LogHelper  : HHH000204: Processing PersistenceUnitInfo [name: default]
2026-02-26T13:46:17.672+01:00  INFO 12172 --- [g_75_shop] [main] org.hibernate.Version                    : HHH000412: Hibernate ORM core version 6.6.41.Final
2026-02-26T13:46:17.737+01:00  INFO 12172 --- [g_75_shop] [main] o.h.c.internal.RegionFactoryInitiator    : HHH000026: Second-level cache disabled
2026-02-26T13:46:18.214+01:00  INFO 12172 --- [g_75_shop] [main] o.s.o.j.p.SpringPersistenceUnitInfo      : No LoadTimeWeaver setup: ignoring JPA class transformer
2026-02-26T13:46:18.345+01:00  INFO 12172 --- [g_75_shop] [main] org.hibernate.orm.connections.pooling    : HHH10001005: Database info:
	Database JDBC URL [Connecting through datasource 'HikariDataSource (HikariPool-1)']
	Database driver: undefined/unknown
	Database version: 18.1
	Autocommit mode: undefined/unknown
	Isolation level: undefined/unknown
	Minimum pool size: undefined/unknown
	Maximum pool size: undefined/unknown
2026-02-26T13:46:19.922+01:00  INFO 12172 --- [g_75_shop] [main] o.h.e.t.j.p.i.JtaPlatformInitiator       : HHH000489: No JTA platform available (set 'hibernate.transaction.jta.platform' to enable JTA platform integration)
2026-02-26T13:46:19.926+01:00  INFO 12172 --- [g_75_shop] [main] j.LocalContainerEntityManagerFactoryBean : Initialized JPA EntityManagerFactory for persistence unit 'default'
2026-02-26T13:46:20.549+01:00  INFO 12172 --- [g_75_shop] [main] o.s.d.j.r.query.QueryEnhancerFactory     : Hibernate is in classpath; If applicable, HQL parser will be used.
2026-02-26T13:46:22.816+01:00  WARN 12172 --- [g_75_shop] [main] JpaBaseConfiguration$JpaWebConfiguration : spring.jpa.open-in-view is enabled by default. Therefore, database queries may be performed during view rendering. Explicitly configure spring.jpa.open-in-view to disable this warning
2026-02-26T13:46:23.349+01:00  INFO 12172 --- [g_75_shop] [main] r$InitializeUserDetailsManagerConfigurer : Global AuthenticationManager configured with UserDetailsService bean with name userServiceImpl
2026-02-26T13:46:24.319+01:00  INFO 12172 --- [g_75_shop] [main] o.s.b.w.embedded.tomcat.TomcatWebServer  : Tomcat started on port 8081 (http) with context path '/'
2026-02-26T13:46:24.349+01:00  INFO 12172 --- [g_75_shop] [main] de.ait.g_75_shop.G75ShopApplication      : Started G75ShopApplication in 13.614 seconds (process running for 14.292)
2026-02-26T13:46:40.486+01:00  INFO 12172 --- [g_75_shop] [SpringApplicationShutdownHook] o.s.b.w.e.tomcat.GracefulShutdown        : Commencing graceful shutdown. Waiting for active requests to complete
2026-02-26T13:46:40.495+01:00  INFO 12172 --- [g_75_shop] [tomcat-shutdown] o.s.b.w.e.tomcat.GracefulShutdown        : Graceful shutdown complete
2026-02-26T13:46:40.499+01:00  INFO 12172 --- [g_75_shop] [SpringApplicationShutdownHook] j.LocalContainerEntityManagerFactoryBean : Closing JPA EntityManagerFactory for persistence unit 'default'
2026-02-26T13:46:40.503+01:00  INFO 12172 --- [g_75_shop] [SpringApplicationShutdownHook] com.zaxxer.hikari.HikariDataSource       : HikariPool-1 - Shutdown initiated...
2026-02-26T13:46:40.515+01:00  INFO 12172 --- [g_75_shop] [SpringApplicationShutdownHook] com.zaxxer.hikari.HikariDataSource       : HikariPool-1 - Shutdown completed.
